Results of markdownlint linter (version 0.41.0)
See documentation on https://megalinter.io/8.0.0/descriptors/markdown_markdownlint/
-----------------------------------------------

❌ [ERROR] for workspace /github/workspace
Linter raw log:
src/2022/course-notes/engineering-mechanics-for-civil-engineering/2022-10-26-75-极坐标中的平面问题.md:11 MD001/heading-increment Heading levels should only increment by one level at a time [Expected: h3; Actual: h5]
src/2022/course-notes/engineering-mechanics-for-civil-engineering/2022-10-26-75-极坐标中的平面问题.md:111 MD001/heading-increment Heading levels should only increment by one level at a time [Expected: h4; Actual: h5]
src/2022/course-notes/engineering-mechanics-for-civil-engineering/2022-11-04-2-应力理论.md:11 MD001/heading-increment Heading levels should only increment by one level at a time [Expected: h3; Actual: h5]
src/2022/course-notes/engineering-mechanics-for-civil-engineering/2022-11-04-2-应力理论.md:86 MD001/heading-increment Heading levels should only increment by one level at a time [Expected: h3; Actual: h5]
src/2022/course-notes/engineering-mechanics-for-civil-engineering/2022-11-04-2-应力理论.md:121 MD001/heading-increment Heading levels should only increment by one level at a time [Expected: h3; Actual: h5]
src/2022/course-notes/engineering-mechanics-for-civil-engineering/2022-11-04-2-应力理论.md:142 MD001/heading-increment Heading levels should only increment by one level at a time [Expected: h3; Actual: h5]
src/2022/course-notes/engineering-mechanics-for-civil-engineering/2022-11-04-2-应力理论.md:169 MD001/heading-increment Heading levels should only increment by one level at a time [Expected: h3; Actual: h5]
src/2022/course-notes/engineering-mechanics-for-civil-engineering/2022-11-04-3-应变理论.md:21 MD001/heading-increment Heading levels should only increment by one level at a time [Expected: h4; Actual: h5]
src/2022/course-notes/engineering-mechanics-for-civil-engineering/2022-11-04-3-应变理论.md:55 MD001/heading-increment Heading levels should only increment by one level at a time [Expected: h4; Actual: h5]
src/2022/course-notes/engineering-mechanics-for-civil-engineering/2022-11-04-3-应变理论.md:62 MD024/no-duplicate-heading Multiple headings with the same content [Context: "##### 长度比"]
src/2022/course-notes/engineering-mechanics-for-civil-engineering/2022-11-04-3-应变理论.md:97 MD001/heading-increment Heading levels should only increment by one level at a time [Expected: h4; Actual: h5]
src/2022/course-notes/engineering-mechanics-for-civil-engineering/2022-11-04-3-应变理论.md:135 MD001/heading-increment Heading levels should only increment by one level at a time [Expected: h3; Actual: h5]
src/2022/course-notes/engineering-mechanics-for-civil-engineering/2022-11-04-3-应变理论.md:163 MD001/heading-increment Heading levels should only increment by one level at a time [Expected: h3; Actual: h5]
src/2022/course-notes/engineering-mechanics-for-civil-engineering/2022-11-04-3-应变理论.md:187 MD001/heading-increment Heading levels should only increment by one level at a time [Expected: h3; Actual: h5]
src/2022/course-notes/engineering-mechanics-for-civil-engineering/2022-11-04-3-应变理论.md:187 MD024/no-duplicate-heading Multiple headings with the same content [Context: "##### 几何方程"]
src/2022/course-notes/engineering-mechanics-for-civil-engineering/2022-11-04-3-应变理论.md:203 MD001/heading-increment Heading levels should only increment by one level at a time [Expected: h3; Actual: h5]
src/2022/course-notes/engineering-mechanics-for-civil-engineering/2022-11-04-4-本构关系.md:13 MD001/heading-increment Heading levels should only increment by one level at a time [Expected: h4; Actual: h5]
src/2022/course-notes/engineering-mechanics-for-civil-engineering/2022-11-04-5-弹性理论的微分提法、解法及一般原理.md:11 MD001/heading-increment Heading levels should only increment by one level at a time [Expected: h3; Actual: h5]
src/2022/course-notes/engineering-mechanics-for-civil-engineering/2022-11-04-5-弹性理论的微分提法、解法及一般原理.md:95 MD001/heading-increment Heading levels should only increment by one level at a time [Expected: h3; Actual: h5]
src/2022/course-notes/engineering-mechanics-for-civil-engineering/2022-11-04-5-弹性理论的微分提法、解法及一般原理.md:123 MD001/heading-increment Heading levels should only increment by one level at a time [Expected: h3; Actual: h5]
src/2022/course-notes/engineering-mechanics-for-civil-engineering/2022-11-04-7-平面问题.md:21 MD001/heading-increment Heading levels should only increment by one level at a time [Expected: h3; Actual: h4]
src/2022/course-notes/engineering-mechanics-for-civil-engineering/2022-11-04-7-平面问题.md:121 MD001/heading-increment Heading levels should only increment by one level at a time [Expected: h5; Actual: h6]
src/2022/course-notes/engineering-mechanics-for-civil-engineering/2022-11-04-7-平面问题.md:157 MD001/heading-increment Heading levels should only increment by one level at a time [Expected: h3; Actual: h5]
src/2022/course-notes/engineering-mechanics-for-civil-engineering/2022-11-04-7-平面问题.md:220 MD001/heading-increment Heading levels should only increment by one level at a time [Expected: h5; Actual: h6]
src/2022/course-notes/engineering-mechanics-for-civil-engineering/2022-11-04-7-平面问题.md:240 MD001/heading-increment Heading levels should only increment by one level at a time [Expected: h5; Actual: h6]
src/2022/course-notes/engineering-mechanics-for-civil-engineering/2022-11-04-7-平面问题.md:265 MD001/heading-increment Heading levels should only increment by one level at a time [Expected: h5; Actual: h6]
src/2022/course-notes/engineering-mechanics-for-civil-engineering/2022-11-15-8-梁的弯曲.md:11 MD001/heading-increment Heading levels should only increment by one level at a time [Expected: h3; Actual: h4]
src/2022/course-notes/fluid-mechanics/2022-12-29-01-绪论.md:15 MD001/heading-increment Heading levels should only increment by one level at a time [Expected: h5; Actual: h6]
src/2022/course-notes/fluid-mechanics/2022-12-29-02-流体静力学.md:25 MD001/heading-increment Heading levels should only increment by one level at a time [Expected: h4; Actual: h6]
src/2022/course-notes/fluid-mechanics/2022-12-29-03-流体运动学.md:129 MD001/heading-increment Heading levels should only increment by one level at a time [Expected: h3; Actual: h4]
src/2022/course-notes/mathematical-physics-equations/2022-06-08-第十六章-分离变量法总结.md:95 MD024/no-duplicate-heading Multiple headings with the same content [Context: "### 1"]
src/2022/course-notes/mathematical-physics-equations/2022-06-08-第十四章-球函数.md:311 MD024/no-duplicate-heading Multiple headings with the same content [Context: "### 正交性"]
src/2022/course-notes/numerical-analysis/2022-11-08-6-非线性方程.md:13 MD001/heading-increment Heading levels should only increment by one level at a time [Expected: h4; Actual: h6]
src/2022/course-notes/numerical-analysis/2022-11-08-6-非线性方程.md:43 MD001/heading-increment Heading levels should only increment by one level at a time [Expected: h4; Actual: h6]
src/2022/course-work/csapp/2022-03-20-data-lab.md:12 MD040/fenced-code-language Fenced code blocks should have a language specified [Context: "```"]
src/2022/course-work/csapp/2022-03-20-data-lab.md:50 MD024/no-duplicate-heading Multiple headings with the same content [Context: "#### Thinking"]
src/2022/course-work/csapp/2022-03-20-data-lab.md:57 MD024/no-duplicate-heading Multiple headings with the same content [Context: "#### Solution"]
src/2022/course-work/csapp/2022-03-20-data-lab.md:68 MD024/no-duplicate-heading Multiple headings with the same content [Context: "#### Thinking"]
src/2022/course-work/csapp/2022-03-20-data-lab.md:72 MD024/no-duplicate-heading Multiple headings with the same content [Context: "#### Solution"]
src/2022/course-work/csapp/2022-03-20-data-lab.md:80 MD024/no-duplicate-heading Multiple headings with the same content [Context: "#### Thinking"]
src/2022/course-work/csapp/2022-03-20-data-lab.md:97 MD024/no-duplicate-heading Multiple headings with the same content [Context: "#### Solution"]
src/2022/course-work/csapp/2022-03-20-data-lab.md:130 MD024/no-duplicate-heading Multiple headings with the same content [Context: "#### Thinking"]
src/2022/course-work/csapp/2022-03-20-data-lab.md:134 MD024/no-duplicate-heading Multiple headings with the same content [Context: "#### Solution"]
src/2022/course-work/csapp/2022-03-20-data-lab.md:142 MD024/no-duplicate-heading Multiple headings with the same content [Context: "#### Thinking"]
src/2022/course-work/csapp/2022-03-20-data-lab.md:146 MD024/no-duplicate-heading Multiple headings with the same content [Context: "#### Solution"]
src/2022/course-work/csapp/2022-03-20-data-lab.md:154 MD024/no-duplicate-heading Multiple headings with the same content [Context: "#### Thinking"]
src/2022/course-work/csapp/2022-03-20-data-lab.md:158 MD024/no-duplicate-heading Multiple headings with the same content [Context: "#### Solution"]
src/2022/course-work/csapp/2022-03-20-data-lab.md:170 MD024/no-duplicate-heading Multiple headings with the same content [Context: "#### Thinking"]
src/2022/course-work/csapp/2022-03-20-data-lab.md:174 MD024/no-duplicate-heading Multiple headings with the same content [Context: "#### Solution"]
src/2022/course-work/csapp/2022-03-20-data-lab.md:194 MD024/no-duplicate-heading Multiple headings with the same content [Context: "#### Solution"]
src/2022/course-work/csapp/2022-03-20-data-lab.md:202 MD024/no-duplicate-heading Multiple headings with the same content [Context: "#### Thinking"]
src/2022/course-work/csapp/2022-03-20-data-lab.md:210 MD024/no-duplicate-heading Multiple headings with the same content [Context: "#### Solution"]
src/2022/course-work/csapp/2022-03-20-data-lab.md:218 MD024/no-duplicate-heading Multiple headings with the same content [Context: "#### Thinking"]
src/2022/course-work/csapp/2022-03-20-data-lab.md:222 MD024/no-duplicate-heading Multiple headings with the same content [Context: "#### Solution"]
src/2022/course-work/csapp/2022-03-20-data-lab.md:238 MD024/no-duplicate-heading Multiple headings with the same content [Context: "#### Thinking"]
src/2022/course-work/csapp/2022-03-20-data-lab.md:242 MD024/no-duplicate-heading Multiple headings with the same content [Context: "#### Solution"]
src/2022/course-work/csapp/2022-03-20-data-lab.md:257 MD024/no-duplicate-heading Multiple headings with the same content [Context: "#### Thinking"]
src/2022/course-work/csapp/2022-03-20-data-lab.md:262 MD024/no-duplicate-heading Multiple headings with the same content [Context: "#### Solution"]
src/2022/course-work/csapp/2022-03-20-data-lab.md:286 MD024/no-duplicate-heading Multiple headings with the same content [Context: "#### Thinking"]
src/2022/course-work/csapp/2022-03-20-data-lab.md:290 MD024/no-duplicate-heading Multiple headings with the same content [Context: "#### Solution"]
src/2022/course-work/csapp/2022-03-20-data-lab.md:321 MD024/no-duplicate-heading Multiple headings with the same content [Context: "#### Solution"]
src/2022/course-work/csapp/2022-05-23-cache-lab.md:87 MD040/fenced-code-language Fenced code blocks should have a language specified [Context: "```"]
src/2022/course-work/csapp/2022-05-23-cache-lab.md:115 MD040/fenced-code-language Fenced code blocks should have a language specified [Context: "```"]
src/2022/course-work/csapp/2022-05-23-cache-lab.md:164 MD040/fenced-code-language Fenced code blocks should have a language specified [Context: "```"]
src/2022/course-work/csapp/2022-05-23-cache-lab.md:172 MD040/fenced-code-language Fenced code blocks should have a language specified [Context: "```"]
src/2022/course-work/csapp/2022-05-23-cache-lab.md:218 MD024/no-duplicate-heading Multiple headings with the same content [Context: "#### Performance"]
src/2022/course-work/csapp/2022-05-23-cache-lab.md:220 MD040/fenced-code-language Fenced code blocks should have a language specified [Context: "```"]
src/2022/course-work/csapp/2022-05-23-cache-lab.md:249 MD024/no-duplicate-heading Multiple headings with the same content [Context: "#### Performance"]
src/2022/course-work/csapp/2022-05-23-cache-lab.md:251 MD040/fenced-code-language Fenced code blocks should have a language specified [Context: "```"]
src/2022/course-work/csapp/2022-05-23-cache-lab.md:257 MD040/fenced-code-language Fenced code blocks should have a language specified [Context: "```"]
src/2022/course-work/csapp/2022-06-06-malloc-lab.md:59 MD040/fenced-code-language Fenced code blocks should have a language specified [Context: "```"]
src/2022/course-work/csapp/2022-06-06-malloc-lab.md:79 MD040/fenced-code-language Fenced code blocks should have a language specified [Context: "```"]
src/2022/course-work/csapp/2022-06-06-malloc-lab.md:99 MD040/fenced-code-language Fenced code blocks should have a language specified [Context: "```"]
src/2022/course-work/csapp/2022-06-06-malloc-lab.md:119 MD040/fenced-code-language Fenced code blocks should have a language specified [Context: "```"]
src/2022/course-work/csapp/attack-lab/2022-04-23-phase-1.md:29 MD040/fenced-code-language Fenced code blocks should have a language specified [Context: "```"]
src/2022/course-work/csapp/attack-lab/2022-04-23-phase-1.md:34 MD024/no-duplicate-heading Multiple headings with the same content [Context: "###### Run"]
src/2022/course-work/csapp/attack-lab/2022-04-23-phase-1.md:43 MD040/fenced-code-language Fenced code blocks should have a language specified [Context: "```"]
src/2022/course-work/csapp/attack-lab/2022-04-23-phase-2.md:18 MD040/fenced-code-language Fenced code blocks should have a language specified [Context: "```"]
src/2022/course-work/csapp/attack-lab/2022-04-23-phase-2.md:41 MD024/no-duplicate-heading Multiple headings with the same content [Context: "###### Run"]
src/2022/course-work/csapp/attack-lab/2022-04-23-phase-2.md:58 MD024/no-duplicate-heading Multiple headings with the same content [Context: "###### Run"]
src/2022/course-work/csapp/attack-lab/2022-04-23-phase-2.md:76 MD040/fenced-code-language Fenced code blocks should have a language specified [Context: "```"]
src/2022/course-work/csapp/attack-lab/2022-04-23-phase-2.md:84 MD024/no-duplicate-heading Multiple headings with the same content [Context: "###### Run"]
src/2022/course-work/csapp/attack-lab/2022-04-23-phase-2.md:93 MD040/fenced-code-language Fenced code blocks should have a language specified [Context: "```"]
src/2022/course-work/csapp/attack-lab/2022-04-23-phase-3.md:25 MD024/no-duplicate-heading Multiple headings with the same content [Context: "###### Run"]
src/2022/course-work/csapp/attack-lab/2022-04-23-phase-3.md:50 MD024/no-duplicate-heading Multiple headings with the same content [Context: "###### Run"]
src/2022/course-work/csapp/attack-lab/2022-04-23-phase-3.md:69 MD040/fenced-code-language Fenced code blocks should have a language specified [Context: "```"]
src/2022/course-work/csapp/attack-lab/2022-04-23-phase-3.md:77 MD040/fenced-code-language Fenced code blocks should have a language specified [Context: "```"]
src/2022/course-work/csapp/attack-lab/2022-04-23-phase-3.md:85 MD040/fenced-code-language Fenced code blocks should have a language specified [Context: "```"]
src/2022/course-work/csapp/attack-lab/2022-04-23-phase-3.md:94 MD024/no-duplicate-heading Multiple headings with the same content [Context: "###### Run"]
src/2022/course-work/csapp/attack-lab/2022-04-23-phase-3.md:103 MD040/fenced-code-language Fenced code blocks should have a language specified [Context: "```"]
src/2022/course-work/csapp/attack-lab/2022-04-23-phase-4.md:84 MD040/fenced-code-language Fenced code blocks should have a language specified [Context: "```"]
src/2022/course-work/csapp/attack-lab/2022-04-23-phase-4.md:90 MD040/fenced-code-language Fenced code blocks should have a language specified [Context: "```"]
src/2022/course-work/csapp/attack-lab/2022-04-23-phase-4.md:98 MD024/no-duplicate-heading Multiple headings with the same content [Context: "###### Run"]
src/2022/course-work/csapp/attack-lab/2022-04-23-phase-4.md:107 MD040/fenced-code-language Fenced code blocks should have a language specified [Context: "```"]
src/2022/course-work/csapp/attack-lab/2022-04-23-phase-5.md:256 MD040/fenced-code-language Fenced code blocks should have a language specified [Context: "```"]
src/2022/course-work/csapp/attack-lab/2022-04-23-phase-5.md:264 MD040/fenced-code-language Fenced code blocks should have a language specified [Context: "```"]
src/2022/course-work/csapp/attack-lab/2022-04-23-phase-5.md:270 MD040/fenced-code-language Fenced code blocks should have a language specified [Context: "```"]
src/2022/course-work/csapp/attack-lab/2022-04-23-phase-5.md:285 MD024/no-duplicate-heading Multiple headings with the same content [Context: "###### Run"]
src/2022/course-work/csapp/attack-lab/2022-04-23-phase-5.md:294 MD040/fenced-code-language Fenced code blocks should have a language specified [Context: "```"]
src/2022/course-work/csapp/bomb-lab/2022-04-04-phase_1.md:55 MD040/fenced-code-language Fenced code blocks should have a language specified [Context: "```"]
src/2022/course-work/csapp/bomb-lab/2022-04-04-phase_1.md:62 MD040/fenced-code-language Fenced code blocks should have a language specified [Context: "```"]
src/2022/course-work/csapp/bomb-lab/2022-04-04-phase_2.md:110 MD040/fenced-code-language Fenced code blocks should have a language specified [Context: "```"]
src/2022/course-work/csapp/bomb-lab/2022-04-04-phase_3.md:144 MD040/fenced-code-language Fenced code blocks should have a language specified [Context: "```"]
src/2022/course-work/csapp/bomb-lab/2022-04-04-phase_3.md:426 MD040/fenced-code-language Fenced code blocks should have a language specified [Context: "```"]
src/2022/course-work/csapp/bomb-lab/2022-04-04-phase_4.md:43 MD040/fenced-code-language Fenced code blocks should have a language specified [Context: "```"]
src/2022/course-work/csapp/bomb-lab/2022-04-04-phase_4.md:101 MD024/no-duplicate-heading Multiple headings with the same content [Context: "## Hack"]
src/2022/course-work/csapp/bomb-lab/2022-04-04-phase_4.md:105 MD040/fenced-code-language Fenced code blocks should have a language specified [Context: "```"]
src/2022/course-work/csapp/bomb-lab/2022-04-04-phase_4.md:136 MD040/fenced-code-language Fenced code blocks should have a language specified [Context: "```"]
src/2022/course-work/csapp/bomb-lab/2022-04-04-phase_5.md:70 MD040/fenced-code-language Fenced code blocks should have a language specified [Context: "```"]
src/2022/course-work/csapp/bomb-lab/2022-04-04-phase_5.md:102 MD040/fenced-code-language Fenced code blocks should have a language specified [Context: "```"]
src/2022/course-work/csapp/bomb-lab/2022-04-04-phase_5.md:108 MD040/fenced-code-language Fenced code blocks should have a language specified [Context: "```"]
src/2022/course-work/csapp/bomb-lab/2022-04-04-phase_5.md:115 MD040/fenced-code-language Fenced code blocks should have a language specified [Context: "```"]
src/2022/course-work/csapp/bomb-lab/2022-04-04-phase_5.md:122 MD040/fenced-code-language Fenced code blocks should have a language specified [Context: "```"]
src/2022/course-work/csapp/bomb-lab/2022-04-04-phase_5.md:129 MD040/fenced-code-language Fenced code blocks should have a language specified [Context: "```"]
src/2022/course-work/csapp/bomb-lab/2022-04-04-phase_6.md:318 MD024/no-duplicate-heading Multiple headings with the same content [Context: "## Optimize"]
src/2022/course-work/csapp/bomb-lab/2022-04-04-phase_6.md:388 MD040/fenced-code-language Fenced code blocks should have a language specified [Context: "```"]
src/2022/course-work/csapp/bomb-lab/2022-04-04-phase_6.md:424 MD024/no-duplicate-heading Multiple headings with the same content [Context: "## Optimize"]
src/2022/course-work/csapp/bomb-lab/2022-04-04-phase_6.md:524 MD040/fenced-code-language Fenced code blocks should have a language specified [Context: "```"]
src/2022/course-work/csapp/bomb-lab/2022-04-04-phase_6.md:530 MD040/fenced-code-language Fenced code blocks should have a language specified [Context: "```"]
src/2022/course-work/csapp/bomb-lab/2022-04-04-phase_6.md:536 MD040/fenced-code-language Fenced code blocks should have a language specified [Context: "```"]
src/2022/course-work/csapp/bomb-lab/2022-04-04-read_six_numbers.md:73 MD040/fenced-code-language Fenced code blocks should have a language specified [Context: "```"]
src/2022/course-work/from-the-silver-screen-english-films-appreciation/2022-09-26-class-2-assignments.md:37:401 MD013/line-length Line length [Expected: 400; Actual: 596]
src/2022/course-work/from-the-silver-screen-english-films-appreciation/2022-09-26-class-2-assignments.md:39:401 MD013/line-length Line length [Expected: 400; Actual: 829]
src/2022/course-work/from-the-silver-screen-english-films-appreciation/2022-09-26-class-2-assignments.md:43:401 MD013/line-length Line length [Expected: 400; Actual: 532]
src/2022/course-work/from-the-silver-screen-english-films-appreciation/2022-09-26-class-2-assignments.md:47:401 MD013/line-length Line length [Expected: 400; Actual: 1055]
src/2022/course-work/from-the-silver-screen-english-films-appreciation/2022-10-10-week-5-assignments.md:33:401 MD013/line-length Line length [Expected: 400; Actual: 639]
src/2022/course-work/from-the-silver-screen-english-films-appreciation/2022-10-10-week-5-assignments.md:41:401 MD013/line-length Line length [Expected: 400; Actual: 596]
src/2022/course-work/from-the-silver-screen-english-films-appreciation/2022-10-10-week-5-assignments.md:43:401 MD013/line-length Line length [Expected: 400; Actual: 829]
src/2022/course-work/from-the-silver-screen-english-films-appreciation/2022-10-10-week-5-assignments.md:47:401 MD013/line-length Line length [Expected: 400; Actual: 532]
src/2022/course-work/from-the-silver-screen-english-films-appreciation/2022-10-10-week-5-assignments.md:51:401 MD013/line-length Line length [Expected: 400; Actual: 1055]
src/2022/course-work/hpc/2022-04-10-pa1-odd_even_sort.md:29 MD040/fenced-code-language Fenced code blocks should have a language specified [Context: "```"]
src/2022/course-work/hpc/2022-04-10-pa1-odd_even_sort.md:191 MD024/no-duplicate-heading Multiple headings with the same content [Context: "### Performance"]
src/2022/course-work/hpc/2022-04-10-pa1-odd_even_sort.md:222:401 MD013/line-length Line length [Expected: 400; Actual: 488]
src/2022/course-work/hpc/2022-04-10-pa1-odd_even_sort.md:224:401 MD013/line-length Line length [Expected: 400; Actual: 700]
src/2022/course-work/hpc/2022-04-10-pa1-odd_even_sort.md:230:96 MD049/emphasis-style Emphasis style [Expected: asterisk; Actual: underscore]
src/2022/course-work/hpc/2022-04-10-pa1-odd_even_sort.md:230:115 MD049/emphasis-style Emphasis style [Expected: asterisk; Actual: underscore]
src/2022/course-work/hpc/2022-04-10-pa1-odd_even_sort.md:231:132 MD049/emphasis-style Emphasis style [Expected: asterisk; Actual: underscore]
src/2022/course-work/hpc/2022-04-10-pa1-odd_even_sort.md:231:152 MD049/emphasis-style Emphasis style [Expected: asterisk; Actual: underscore]
src/2022/course-work/hpc/2022-04-10-pa1-odd_even_sort.md:232:102 MD049/emphasis-style Emphasis style [Expected: asterisk; Actual: underscore]
src/2022/course-work/hpc/2022-04-10-pa1-odd_even_sort.md:232:126 MD049/emphasis-style Emphasis style [Expected: asterisk; Actual: underscore]
src/2022/course-work/hpc/2022-04-10-pa1-odd_even_sort.md:234 MD024/no-duplicate-heading Multiple headings with the same content [Context: "### Source Code"]
src/2022/course-work/hpc/2022-04-10-pa1-odd_even_sort.md:345 MD024/no-duplicate-heading Multiple headings with the same content [Context: "### Performance"]
src/2022/course-work/hpc/2022-04-10-pa1-odd_even_sort.md:364 MD024/no-duplicate-heading Multiple headings with the same content [Context: "### Source Code"]
src/2022/course-work/hpc/2022-04-10-pa1-odd_even_sort.md:488 MD024/no-duplicate-heading Multiple headings with the same content [Context: "### Source Code"]
src/2022/course-work/hpc/2022-04-10-pa1-odd_even_sort.md:600 MD024/no-duplicate-heading Multiple headings with the same content [Context: "### Performance"]
src/2022/course-work/hpc/2022-04-10-pa1-odd_even_sort.md:648 MD024/no-duplicate-heading Multiple headings with the same content [Context: "### Source Code"]
src/2022/course-work/hpc/2022-04-10-pa1-odd_even_sort.md:991 MD024/no-duplicate-heading Multiple headings with the same content [Context: "### Performance"]
src/2022/course-work/hpc/2022-05-17-pa2-模板计算.md:490 MD024/no-duplicate-heading Multiple headings with the same content [Context: "### Naive"]
src/2022/course-work/hpc/2022-05-17-pa2-模板计算.md:508 MD024/no-duplicate-heading Multiple headings with the same content [Context: "### OMP"]
src/2022/course-work/hpc/2022-05-17-pa2-模板计算.md:588 MD024/no-duplicate-heading Multiple headings with the same content [Context: "### MPI"]
src/2022/course-work/hpc/2022-05-23-exp7-cuda-优化-global-memory-shared-memory.md:64:401 MD013/line-length Line length [Expected: 400; Actual: 448]
src/2022/course-work/hpc/2022-06-05-exp8-单机性能优化.md:23 MD024/no-duplicate-heading Multiple headings with the same content [Context: "### Performance"]
src/2022/course-work/hpc/2022-06-05-exp8-单机性能优化.md:35 MD001/heading-increment Heading levels should only increment by one level at a time [Expected: h3; Actual: h5]
src/2022/course-work/hpc/2022-06-05-pa3-全源最短路.md:20 MD040/fenced-code-language Fenced code blocks should have a language specified [Context: "```"]
src/2022/course-work/hpc/2022-06-05-pa3-全源最短路.md:32 MD040/fenced-code-language Fenced code blocks should have a language specified [Context: "```"]
src/2022/course-work/hpc/2022-06-05-pa3-全源最短路.md:46 MD040/fenced-code-language Fenced code blocks should have a language specified [Context: "```"]
src/2022/course-work/hpc/2022-06-05-pa3-全源最短路.md:60 MD040/fenced-code-language Fenced code blocks should have a language specified [Context: "```"]
src/2022/course-work/hpc/2022-06-05-pa3-全源最短路.md:88 MD040/fenced-code-language Fenced code blocks should have a language specified [Context: "```"]
src/2022/course-work/hpc/2022-06-05-pa3-全源最短路.md:109 MD040/fenced-code-language Fenced code blocks should have a language specified [Context: "```"]
src/2022/course-work/principal-and-application-of-database/2022-09-26-第1次作业.md:14 MD001/heading-increment Heading levels should only increment by one level at a time [Expected: h3; Actual: h6]
src/2022/course-work/principal-and-application-of-database/2022-09-26-第1次作业.md:34 MD001/heading-increment Heading levels should only increment by one level at a time [Expected: h3; Actual: h5]
src/2022/course-work/principal-and-application-of-database/2022-09-26-第1次作业.md:56 MD001/heading-increment Heading levels should only increment by one level at a time [Expected: h3; Actual: h6]
src/2022/course-work/principal-and-application-of-database/2022-09-26-第1次作业.md:72 MD001/heading-increment Heading levels should only increment by one level at a time [Expected: h3; Actual: h6]
src/2022/posts/2022-04-10-how-to-use-more-than-10-columns-in-matrix.md:21 MD040/fenced-code-language Fenced code blocks should have a language specified [Context: "```"]
src/2022/posts/2022-09-10-windows-setup.md:28 MD024/no-duplicate-heading Multiple headings with the same content [Context: "### Install Windows"]
src/2022/research/idea/2022-01-26-how-to-build-linux-kernel.md:160 MD040/fenced-code-language Fenced code blocks should have a language specified [Context: "```"]
src/2022/research/idea/2022-08-04-build-ijkplayer-with-lib-monitor.md:22:24 MD051/link-fragments Link fragments should be valid [Context: "[below](#get-missing-parts-of-ndk)"]
src/2022/research/idea/2022-08-04-build-ijkplayer-with-lib-monitor.md:40 MD040/fenced-code-language Fenced code blocks should have a language specified [Context: "```"]
src/2022/research/idea/2022-08-17-how-to-get-field-name-in-struct.md:24 MD001/heading-increment Heading levels should only increment by one level at a time [Expected: h3; Actual: h6]
src/2022/research/idea/2022-08-17-how-to-get-field-name-in-struct.md:26:401 MD013/line-length Line length [Expected: 400; Actual: 506]
src/2022/research/idea/2022-08-17-how-to-get-field-name-in-struct.md:67:401 MD013/line-length Line length [Expected: 400; Actual: 418]
src/2022/research/notes/linux-device-drivers/2022-05-13-linux-device-drivers-allocating-memory.md:80 MD040/fenced-code-language Fenced code blocks should have a language specified [Context: "```"]
src/2022/research/notes/linux-device-drivers/2022-05-13-linux-device-drivers-allocating-memory.md:187:401 MD013/line-length Line length [Expected: 400; Actual: 469]
src/2022/research/notes/linux-device-drivers/2022-05-13-linux-device-drivers-building-and-running-modules.md:39:401 MD013/line-length Line length [Expected: 400; Actual: 433]
src/2022/research/notes/linux-device-drivers/2022-05-13-linux-device-drivers-building-and-running-modules.md:68 MD040/fenced-code-language Fenced code blocks should have a language specified [Context: "```"]
src/2022/research/notes/linux-device-drivers/2022-05-13-linux-device-drivers-building-and-running-modules.md:75 MD040/fenced-code-language Fenced code blocks should have a language specified [Context: "```"]
src/2022/research/notes/linux-device-drivers/2022-05-13-linux-device-drivers-char-drivers-file-operations.md:33:401 MD013/line-length Line length [Expected: 400; Actual: 475]
src/2022/research/notes/linux-device-drivers/2022-05-13-linux-device-drivers-char-drivers-file-operations.md:81:401 MD013/line-length Line length [Expected: 400; Actual: 537]
src/2022/research/notes/linux-device-drivers/2022-05-13-linux-device-drivers-char-drivers-file-operations.md:89:401 MD013/line-length Line length [Expected: 400; Actual: 423]
src/2022/research/notes/linux-device-drivers/2022-05-13-linux-device-drivers-char-drivers-file-operations.md:113:401 MD013/line-length Line length [Expected: 400; Actual: 505]
src/2022/research/notes/linux-device-drivers/2022-05-13-linux-device-drivers-char-drivers-the-file-structure.md:25:401 MD013/line-length Line length [Expected: 400; Actual: 484]
src/2022/research/notes/linux-device-drivers/2022-05-13-linux-device-drivers-char-drivers-the-file-structure.md:33:401 MD013/line-length Line length [Expected: 400; Actual: 491]
src/2022/research/notes/linux-device-drivers/2022-05-13-linux-device-drivers-char-drivers-the-file-structure.md:41:401 MD013/line-length Line length [Expected: 400; Actual: 449]
src/2022/research/notes/linux-device-drivers/2022-05-13-linux-device-drivers-char-drivers-the-file-structure.md:49:401 MD013/line-length Line length [Expected: 400; Actual: 846]
src/2022/research/notes/linux-device-drivers/2022-05-13-linux-device-drivers-char-drivers-the-file-structure.md:57:401 MD013/line-length Line length [Expected: 400; Actual: 471]
src/2022/research/notes/linux-device-drivers/2022-05-13-linux-device-drivers-time-delays-and-deferred-work.md:15 MD001/heading-increment Heading levels should only increment by one level at a time [Expected: h3; Actual: h6]
src/2022/research/notes/linux-device-drivers/2022-05-13-linux-device-drivers-time-delays-and-deferred-work.md:76 MD024/no-duplicate-heading Multiple headings with the same content [Context: "###### <linux/time.h>"]
src/2022/research/notes/linux-device-drivers/2022-05-13-linux-device-drivers-time-delays-and-deferred-work.md:98 MD001/heading-increment Heading levels should only increment by one level at a time [Expected: h3; Actual: h6]
src/2022/research/notes/linux-device-drivers/2022-05-13-linux-device-drivers-time-delays-and-deferred-work.md:134 MD001/heading-increment Heading levels should only increment by one level at a time [Expected: h3; Actual: h6]
src/2022/research/notes/linux-device-drivers/2022-05-13-linux-device-drivers-time-delays-and-deferred-work.md:179 MD001/heading-increment Heading levels should only increment by one level at a time [Expected: h3; Actual: h6]
src/2022/research/notes/linux-device-drivers/2022-05-13-linux-device-drivers-time-delays-and-deferred-work.md:212 MD001/heading-increment Heading levels should only increment by one level at a time [Expected: h3; Actual: h6]
src/2022/slides/2022-10-16-交流会.md:11 MD028/no-blanks-blockquote Blank line inside blockquote
src/2022/slides/2022-10-16-交流会.md:48 MD024/no-duplicate-heading Multiple headings with the same content [Context: "### 起步"]
src/2022/slides/2022-10-16-交流会.md:79 MD024/no-duplicate-heading Multiple headings with the same content [Context: "### 参与度提高"]
src/2023/course-notes/quantum-mechanics/2023-04-14-03-力学量用算符表达.md:11 MD001/heading-increment Heading levels should only increment by one level at a time [Expected: h3; Actual: h4]
src/2023/posts/2023-03-08-install-arch-linux-with-windows.md:57 MD001/heading-increment Heading levels should only increment by one level at a time [Expected: h4; Actual: h6]
src/2023/posts/2023-03-08-install-arch-linux-with-windows.md:99 MD040/fenced-code-language Fenced code blocks should have a language specified [Context: "```"]
src/2023/posts/2023-03-08-install-arch-linux-with-windows.md:129 MD001/heading-increment Heading levels should only increment by one level at a time [Expected: h4; Actual: h6]
src/2023/posts/2023-03-08-install-arch-linux-with-windows.md:160 MD024/no-duplicate-heading Multiple headings with the same content [Context: "### Partitioning"]
src/2023/posts/2023-03-08-install-arch-linux-with-windows.md:171 MD024/no-duplicate-heading Multiple headings with the same content [Context: "### [Optional] Connect from An..."]
src/2023/posts/2023-03-08-install-arch-linux-with-windows.md:173 MD024/no-duplicate-heading Multiple headings with the same content [Context: "### Partitioning"]
src/2023/posts/2023-03-08-install-arch-linux-with-windows.md:198 MD040/fenced-code-language Fenced code blocks should have a language specified [Context: "```"]
src/2023/posts/2023-03-08-install-arch-linux-with-windows.md:257 MD040/fenced-code-language Fenced code blocks should have a language specified [Context: "```"]
src/2023/posts/2023-03-08-install-arch-linux-with-windows.md:375:401 MD013/line-length Line length [Expected: 400; Actual: 2230]
src/2023/posts/2023-03-08-install-arch-linux-with-windows.md:378 MD024/no-duplicate-heading Multiple headings with the same content [Context: "##### Install GRUB"]
src/2023/posts/2023-03-08-install-arch-linux-with-windows.md:381:401 MD013/line-length Line length [Expected: 400; Actual: 615]
src/2023/posts/2023-03-08-install-arch-linux-with-windows.md:488 MD040/fenced-code-language Fenced code blocks should have a language specified [Context: "```"]
src/2023/research/notes/2023-01-10-a-morphable-model-for-the-synthesis-of-3d-faces.md:20:43 MD051/link-fragments Link fragments should be valid [Context: "[Sec. 5](#_5-building-a-morphable-model)"]
src/2023/research/notes/2023-01-10-a-morphable-model-for-the-synthesis-of-3d-faces.md:76 MD001/heading-increment Heading levels should only increment by one level at a time [Expected: h3; Actual: h5]
src/2023/research/notes/2023-01-10-a-morphable-model-for-the-synthesis-of-3d-faces.md:93 MD001/heading-increment Heading levels should only increment by one level at a time [Expected: h3; Actual: h5]
src/2023/research/notes/2023-01-14-face-transfer-with-multilinear-models.md:16:23 MD051/link-fragments Link fragments should be valid [Context: "[Sec. 4](#_4-multilinear-face-model)"]
src/2023/research/notes/2023-01-14-face-transfer-with-multilinear-models.md:19:50 MD051/link-fragments Link fragments should be valid [Context: "[Sec. 4.2](#_4-2-correspondence)"]
src/2023/research/notes/2023-01-14-face-transfer-with-multilinear-models.md:20:30 MD051/link-fragments Link fragments should be valid [Context: "[Sec. 4.4](#_4-4-missing-data)"]
src/2023/research/notes/2023-01-14-face-transfer-with-multilinear-models.md:24:29 MD051/link-fragments Link fragments should be valid [Context: "[Sec. 5.1](#_5-1-face-tracking)"]
src/2023/research/notes/2023-01-14-face-transfer-with-multilinear-models.md:29:401 MD013/line-length Line length [Expected: 400; Actual: 770]
src/2023/research/notes/2023-01-14-face-transfer-with-multilinear-models.md:31:401 MD013/line-length Line length [Expected: 400; Actual: 785]
src/2023/research/notes/2023-01-14-face-transfer-with-multilinear-models.md:40 MD001/heading-increment Heading levels should only increment by one level at a time [Expected: h3; Actual: h4]
src/2023/research/notes/2023-01-14-face-transfer-with-multilinear-models.md:136:401 MD013/line-length Line length [Expected: 400; Actual: 633]
src/2023/research/notes/2023-01-15-facewarehouse-a-3d-facial-expression-database-for-visual-computing.md:23:401 MD013/line-length Line length [Expected: 400; Actual: 1503]
src/2023/research/notes/2023-01-16-learning-a-model-of-facial-shape-and-expression-from-4d-scans.md:47 MD001/heading-increment Heading levels should only increment by one level at a time [Expected: h3; Actual: h4]
src/2023/research/notes/2023-01-24-automatic-rigging-and-animation-of-3d-characters.md:36:401 MD013/line-length Line length [Expected: 400; Actual: 637]
src/2023/research/notes/2023-01-26-scape-shape-completion-and-animation-of-people.md:23 MD001/heading-increment Heading levels should only increment by one level at a time [Expected: h3; Actual: h4]
src/2023/research/notes/2023-02-14-phace-physics-based-face-modeling-and-animation.md:123 MD028/no-blanks-blockquote Blank line inside blockquote
src/2023/research/notes/2023-05-18-projective-dynamics-fusing-constraint-projections-for-fast-simulation.md:63 MD024/no-duplicate-heading Multiple headings with the same content [Context: "### Force"]
src/2023/research/notes/2023-05-18-projective-dynamics-fusing-constraint-projections-for-fast-simulation.md:106 MD024/no-duplicate-heading Multiple headings with the same content [Context: "### Hessian Matrix"]
src/2023/research/slides/2023-08-16-group-meeting.md:79 MD024/no-duplicate-heading Multiple headings with the same content [Context: "### Bunny"]
src/2023/research/slides/2023-08-23-group-meeting.md:33:3 MD045/no-alt-text Images should have alternate text (alt text)
src/2023/research/slides/2023-08-23-group-meeting.md:34:3 MD045/no-alt-text Images should have alternate text (alt text)
src/2023/research/slides/2023-08-23-group-meeting.md:45:3 MD045/no-alt-text Images should have alternate text (alt text)
src/2023/research/slides/2023-08-23-group-meeting.md:46:3 MD045/no-alt-text Images should have alternate text (alt text)
src/2023/research/slides/2023-08-30-group-meeting.md:25:1 MD045/no-alt-text Images should have alternate text (alt text)
src/2023/research/slides/2023-08-30-group-meeting.md:31:5 MD045/no-alt-text Images should have alternate text (alt text)
src/2023/research/slides/2023-08-30-group-meeting.md:35:5 MD045/no-alt-text Images should have alternate text (alt text)
src/2023/research/slides/2023-08-30-group-meeting.md:39:5 MD045/no-alt-text Images should have alternate text (alt text)
src/2023/research/slides/2023-09-13-group-meeting.md:35:5 MD045/no-alt-text Images should have alternate text (alt text)
src/2023/research/slides/2023-09-13-group-meeting.md:39:5 MD045/no-alt-text Images should have alternate text (alt text)
src/2023/research/slides/2023-09-13-group-meeting.md:43:5 MD045/no-alt-text Images should have alternate text (alt text)
src/2023/research/slides/2023-09-13-group-meeting.md:47:5 MD045/no-alt-text Images should have alternate text (alt text)
src/2023/research/slides/2023-09-13-group-meeting.md:51:5 MD045/no-alt-text Images should have alternate text (alt text)
src/2023/research/slides/2023-09-13-group-meeting.md:55:5 MD045/no-alt-text Images should have alternate text (alt text)

